0 info it worked if it ends with ok
1 verbose cli [ '/usr/local/bin/node',
1 verbose cli   '/usr/local/bin/npm',
1 verbose cli   'install',
1 verbose cli   '-g',
1 verbose cli   'webpack-dev-server' ]
2 info using npm@2.14.7
3 info using node@v4.2.2
4 verbose install initial load of /usr/local/lib/package.json
5 verbose readDependencies loading dependencies from /usr/local/lib/package.json
6 silly cache add args [ 'webpack-dev-server', null ]
7 verbose cache add spec webpack-dev-server
8 silly cache add parsed spec Result {
8 silly cache add   raw: 'webpack-dev-server',
8 silly cache add   scope: null,
8 silly cache add   name: 'webpack-dev-server',
8 silly cache add   rawSpec: '',
8 silly cache add   spec: '*',
8 silly cache add   type: 'range' }
9 silly addNamed webpack-dev-server@*
10 verbose addNamed "*" is a valid semver range for webpack-dev-server
11 silly addNameRange { name: 'webpack-dev-server', range: '*', hasData: false }
12 silly mapToRegistry name webpack-dev-server
13 silly mapToRegistry using default registry
14 silly mapToRegistry registry https://registry.npmjs.org/
15 silly mapToRegistry uri https://registry.npmjs.org/webpack-dev-server
16 verbose addNameRange registry:https://registry.npmjs.org/webpack-dev-server not in flight; fetching
17 verbose request uri https://registry.npmjs.org/webpack-dev-server
18 verbose request no auth needed
19 info attempt registry request try #1 at 11:03:41
20 verbose request id 949f841337f5035e
21 http request GET https://registry.npmjs.org/webpack-dev-server
22 http 200 https://registry.npmjs.org/webpack-dev-server
23 verbose headers { server: 'CouchDB/1.5.0 (Erlang OTP/R16B03)',
23 verbose headers   etag: '"2TMQE3D3LTMQZIFE0Q0DRH33S"',
23 verbose headers   'content-type': 'application/json',
23 verbose headers   'cache-control': 'max-age=300',
23 verbose headers   'content-length': '101565',
23 verbose headers   'accept-ranges': 'bytes',
23 verbose headers   date: 'Fri, 18 Mar 2016 03:03:43 GMT',
23 verbose headers   via: '1.1 varnish',
23 verbose headers   age: '183',
23 verbose headers   connection: 'keep-alive',
23 verbose headers   'x-served-by': 'cache-nrt6127-NRT',
23 verbose headers   'x-cache': 'HIT',
23 verbose headers   'x-cache-hits': '2',
23 verbose headers   'x-timer': 'S1458270223.350856,VS0,VE0',
23 verbose headers   vary: 'Accept' }
24 silly get cb [ 200,
24 silly get   { server: 'CouchDB/1.5.0 (Erlang OTP/R16B03)',
24 silly get     etag: '"2TMQE3D3LTMQZIFE0Q0DRH33S"',
24 silly get     'content-type': 'application/json',
24 silly get     'cache-control': 'max-age=300',
24 silly get     'content-length': '101565',
24 silly get     'accept-ranges': 'bytes',
24 silly get     date: 'Fri, 18 Mar 2016 03:03:43 GMT',
24 silly get     via: '1.1 varnish',
24 silly get     age: '183',
24 silly get     connection: 'keep-alive',
24 silly get     'x-served-by': 'cache-nrt6127-NRT',
24 silly get     'x-cache': 'HIT',
24 silly get     'x-cache-hits': '2',
24 silly get     'x-timer': 'S1458270223.350856,VS0,VE0',
24 silly get     vary: 'Accept' } ]
25 verbose get saving webpack-dev-server to /Users/apple/.npm/registry.npmjs.org/webpack-dev-server/.cache.json
26 silly addNameRange number 2 { name: 'webpack-dev-server', range: '*', hasData: true }
27 silly addNameRange versions [ 'webpack-dev-server',
27 silly addNameRange   [ '0.6.0',
27 silly addNameRange     '0.6.1',
27 silly addNameRange     '0.6.2',
27 silly addNameRange     '0.7.0',
27 silly addNameRange     '0.7.1',
27 silly addNameRange     '0.7.2',
27 silly addNameRange     '0.8.0',
27 silly addNameRange     '0.8.1',
27 silly addNameRange     '0.8.2',
27 silly addNameRange     '0.9.0',
27 silly addNameRange     '0.9.1',
27 silly addNameRange     '0.9.2',
27 silly addNameRange     '0.9.3',
27 silly addNameRange     '0.9.4',
27 silly addNameRange     '0.10.0',
27 silly addNameRange     '0.10.1',
27 silly addNameRange     '0.11.0',
27 silly addNameRange     '0.11.1',
27 silly addNameRange     '1.0.0',
27 silly addNameRange     '1.0.1',
27 silly addNameRange     '1.0.2',
27 silly addNameRange     '1.1.0',
27 silly addNameRange     '1.2.0',
27 silly addNameRange     '1.2.1',
27 silly addNameRange     '1.2.2',
27 silly addNameRange     '1.2.3',
27 silly addNameRange     '1.2.4',
27 silly addNameRange     '1.2.5',
27 silly addNameRange     '1.2.6',
27 silly addNameRange     '1.2.7',
27 silly addNameRange     '1.2.8',
27 silly addNameRange     '1.2.9',
27 silly addNameRange     '1.3.0',
27 silly addNameRange     '1.3.1',
27 silly addNameRange     '1.3.2',
27 silly addNameRange     '1.4.0',
27 silly addNameRange     '1.4.1',
27 silly addNameRange     '1.4.2',
27 silly addNameRange     '1.4.3',
27 silly addNameRange     '1.4.4',
27 silly addNameRange     '1.4.5',
27 silly addNameRange     '1.4.6',
27 silly addNameRange     '1.4.7',
27 silly addNameRange     '1.4.9',
27 silly addNameRange     '1.4.10',
27 silly addNameRange     '1.5.0',
27 silly addNameRange     '1.6.0',
27 silly addNameRange     '1.6.1',
27 silly addNameRange     '1.6.2',
27 silly addNameRange     '1.6.3',
27 silly addNameRange     '1.6.4',
27 silly addNameRange     '1.6.5',
27 silly addNameRange     '1.6.6',
27 silly addNameRange     '1.7.0',
27 silly addNameRange     '1.8.0',
27 silly addNameRange     '1.8.1',
27 silly addNameRange     '1.8.2',
27 silly addNameRange     '1.9.0',
27 silly addNameRange     '1.10.0',
27 silly addNameRange     '1.10.1',
27 silly addNameRange     '1.11.0',
27 silly addNameRange     '1.12.0',
27 silly addNameRange     '1.12.1',
27 silly addNameRange     '1.13.0',
27 silly addNameRange     '1.14.0',
27 silly addNameRange     '1.14.1',
27 silly addNameRange     '2.0.0-beta' ] ]
28 silly addNamed webpack-dev-server@1.14.1
29 verbose addNamed "1.14.1" is a plain semver version for webpack-dev-server
30 silly mapToRegistry name webpack-dev-server
31 silly mapToRegistry using default registry
32 silly mapToRegistry registry https://registry.npmjs.org/
33 silly mapToRegistry uri https://registry.npmjs.org/webpack-dev-server
34 verbose addRemoteTarball https://registry.npmjs.org/webpack-dev-server/-/webpack-dev-server-1.14.1.tgz not in flight; adding
35 verbose addRemoteTarball [ 'https://registry.npmjs.org/webpack-dev-server/-/webpack-dev-server-1.14.1.tgz',
35 verbose addRemoteTarball   'e51de228071258b0db6d55e0f5fee55eec6755de' ]
36 info retry fetch attempt 1 at 11:03:44
37 info attempt registry request try #1 at 11:03:44
38 http fetch GET https://registry.npmjs.org/webpack-dev-server/-/webpack-dev-server-1.14.1.tgz
39 http fetch 200 https://registry.npmjs.org/webpack-dev-server/-/webpack-dev-server-1.14.1.tgz
40 silly fetchAndShaCheck shasum e51de228071258b0db6d55e0f5fee55eec6755de
41 verbose addTmpTarball /var/folders/vd/60x6k9ls26l7vpkc7mbq0n1r0000gn/T/npm-571-6294ea1c/registry.npmjs.org/webpack-dev-server/-/webpack-dev-server-1.14.1.tgz not in flight; adding
42 verbose addTmpTarball already have metadata; skipping unpack for webpack-dev-server@1.14.1
43 silly cache afterAdd webpack-dev-server@1.14.1
44 verbose afterAdd /Users/apple/.npm/webpack-dev-server/1.14.1/package/package.json not in flight; writing
45 verbose afterAdd /Users/apple/.npm/webpack-dev-server/1.14.1/package/package.json written
46 silly install resolved [ { name: 'webpack-dev-server',
46 silly install resolved     version: '1.14.1',
46 silly install resolved     author: { name: 'Tobias Koppers @sokra' },
46 silly install resolved     description: 'Serves a webpack app. Updates the browser on changes.',
46 silly install resolved     peerDependencies: { webpack: '>=1.3.0 <3' },
46 silly install resolved     dependencies:
46 silly install resolved      { compression: '^1.5.2',
46 silly install resolved        'connect-history-api-fallback': '1.1.0',
46 silly install resolved        express: '^4.13.3',
46 silly install resolved        'http-proxy': '^1.11.2',
46 silly install resolved        optimist: '~0.6.0',
46 silly install resolved        'serve-index': '^1.7.2',
46 silly install resolved        sockjs: '^0.3.15',
46 silly install resolved        'sockjs-client': '^1.0.3',
46 silly install resolved        'stream-cache': '~0.0.1',
46 silly install resolved        'strip-ansi': '^3.0.0',
46 silly install resolved        'supports-color': '^3.1.1',
46 silly install resolved        'webpack-dev-middleware': '^1.4.0' },
46 silly install resolved     devDependencies:
46 silly install resolved      { 'css-loader': '~0.23.0',
46 silly install resolved        'file-loader': '~0.8.4',
46 silly install resolved        jade: '^1.11.0',
46 silly install resolved        'jade-loader': '~0.8.0',
46 silly install resolved        less: '^2.5.1',
46 silly install resolved        'less-loader': '~2.2.0',
46 silly install resolved        'style-loader': '~0.13.0',
46 silly install resolved        'url-loader': '~0.5.6',
46 silly install resolved        webpack: '^1.12.1' },
46 silly install resolved     license: 'MIT',
46 silly install resolved     repository:
46 silly install resolved      { type: 'git',
46 silly install resolved        url: 'git://github.com/webpack/webpack-dev-server.git' },
46 silly install resolved     homepage: 'http://github.com/webpack/webpack-dev-server',
46 silly install resolved     main: 'lib/Server.js',
46 silly install resolved     bin: { 'webpack-dev-server': 'bin/webpack-dev-server.js' },
46 silly install resolved     files: [ 'lib/', 'bin', 'client/', 'ssl/' ],
46 silly install resolved     scripts: { prepublish: 'webpack ./client/live.js client/live.bundle.js --colors --config client/webpack.config.js -p && webpack ./client/index.js client/index.bundle.js --colors --config client/webpack.config.js -p' },
46 silly install resolved     gitHead: 'eae3a0c73fb847521b42ac2accae1c0906dd6023',
46 silly install resolved     bugs: { url: 'https://github.com/webpack/webpack-dev-server/issues' },
46 silly install resolved     _id: 'webpack-dev-server@1.14.1',
46 silly install resolved     _shasum: 'e51de228071258b0db6d55e0f5fee55eec6755de',
46 silly install resolved     _from: 'webpack-dev-server@*',
46 silly install resolved     _npmVersion: '2.10.1',
46 silly install resolved     _nodeVersion: '0.12.4',
46 silly install resolved     _npmUser: { name: 'sokra', email: 'tobias.koppers@googlemail.com' },
46 silly install resolved     maintainers: [ [Object], [Object] ],
46 silly install resolved     dist:
46 silly install resolved      { shasum: 'e51de228071258b0db6d55e0f5fee55eec6755de',
46 silly install resolved        tarball: 'http://registry.npmjs.org/webpack-dev-server/-/webpack-dev-server-1.14.1.tgz' },
46 silly install resolved     directories: {},
46 silly install resolved     _resolved: 'https://registry.npmjs.org/webpack-dev-server/-/webpack-dev-server-1.14.1.tgz' } ]
47 info install webpack-dev-server@1.14.1 into /usr/local/lib
48 info installOne webpack-dev-server@1.14.1
49 verbose installOne of webpack-dev-server to /usr/local/lib not in flight; installing
50 verbose lock using /Users/apple/.npm/_locks/webpack-dev-server-7cf3f6a4747c9e16.lock for /usr/local/lib/node_modules/webpack-dev-server
51 silly install write writing webpack-dev-server 1.14.1 to /usr/local/lib/node_modules/webpack-dev-server
52 verbose unbuild lib/node_modules/webpack-dev-server
53 silly gentlyRm /usr/local/lib/node_modules/webpack-dev-server is being purged from base /usr/local
54 verbose gentlyRm don't care about contents; nuking /usr/local/lib/node_modules/webpack-dev-server
55 verbose tar unpack /Users/apple/.npm/webpack-dev-server/1.14.1/package.tgz
56 verbose tar unpacking to /usr/local/lib/node_modules/webpack-dev-server
57 silly gentlyRm /usr/local/lib/node_modules/webpack-dev-server is being purged
58 verbose gentlyRm don't care about contents; nuking /usr/local/lib/node_modules/webpack-dev-server
59 silly gunzTarPerm modes [ '755', '644' ]
60 error tar.unpack untar error /Users/apple/.npm/webpack-dev-server/1.14.1/package.tgz
61 verbose unlock done using /Users/apple/.npm/_locks/webpack-dev-server-7cf3f6a4747c9e16.lock for /usr/local/lib/node_modules/webpack-dev-server
62 verbose fstream_path /usr/local/lib/node_modules/webpack-dev-server
63 verbose fstream_type Directory
64 verbose fstream_class DirWriter
65 verbose stack Error: EACCES: permission denied, mkdir '/usr/local/lib/node_modules/webpack-dev-server'
65 verbose stack     at Error (native)
66 verbose fstream_stack /usr/local/lib/node_modules/npm/node_modules/fstream/lib/dir-writer.js:35:25
66 verbose fstream_stack /usr/local/lib/node_modules/npm/node_modules/mkdirp/index.js:47:53
66 verbose fstream_stack FSReqWrap.oncomplete (fs.js:82:15)
67 verbose cwd /Users/apple/program/document/node/compressor
68 error Darwin 14.0.0
69 error argv "/usr/local/bin/node" "/usr/local/bin/npm" "install" "-g" "webpack-dev-server"
70 error node v4.2.2
71 error npm  v2.14.7
72 error path /usr/local/lib/node_modules/webpack-dev-server
73 error code EACCES
74 error errno -13
75 error syscall mkdir
76 error Error: EACCES: permission denied, mkdir '/usr/local/lib/node_modules/webpack-dev-server'
76 error     at Error (native)
76 error  { [Error: EACCES: permission denied, mkdir '/usr/local/lib/node_modules/webpack-dev-server']
76 error   errno: -13,
76 error   code: 'EACCES',
76 error   syscall: 'mkdir',
76 error   path: '/usr/local/lib/node_modules/webpack-dev-server',
76 error   fstream_type: 'Directory',
76 error   fstream_path: '/usr/local/lib/node_modules/webpack-dev-server',
76 error   fstream_class: 'DirWriter',
76 error   fstream_stack:
76 error    [ '/usr/local/lib/node_modules/npm/node_modules/fstream/lib/dir-writer.js:35:25',
76 error      '/usr/local/lib/node_modules/npm/node_modules/mkdirp/index.js:47:53',
76 error      'FSReqWrap.oncomplete (fs.js:82:15)' ] }
77 error Please try running this command again as root/Administrator.
78 verbose exit [ -13, true ]
79 verbose unbuild lib/node_modules/webpack-dev-server
80 silly gentlyRm /usr/local/lib/node_modules/webpack-dev-server is being purged from base /usr/local
81 verbose gentlyRm don't care about contents; nuking /usr/local/lib/node_modules/webpack-dev-server
